22:44:01.081 [restartedMain] INFO  s.ShorterUrlServiceApplication - Starting ShorterUrlServiceApplication using Java 20.0.1 with PID 11116 (C:\Users\rusni\Documents\dev\shorter-url-service-other\target\classes started by rusni in C:\Users\rusni\Documents\dev\shorter-url-service-other)
22:44:01.083 [restartedMain] INFO  s.ShorterUrlServiceApplication - No active profile set, falling back to 1 default profile: "default"
22:44:01.146 [restartedMain] INFO  o.s.b.d.e.DevToolsPropertyDefaultsPostProcessor - Devtools property defaults active! Set 'spring.devtools.add-properties' to 'false' to disable
22:44:01.146 [restartedMain] INFO  o.s.b.d.e.DevToolsPropertyDefaultsPostProcessor - For additional web related logging consider setting the 'logging.level.web' property to 'DEBUG'
22:44:01.793 [restartedMain] INFO  o.s.d.r.c.RepositoryConfigurationDelegate - Bootstrapping Spring Data JPA repositories in DEFAULT mode.
22:44:01.866 [restartedMain] INFO  o.s.d.r.c.RepositoryConfigurationDelegate - Finished Spring Data repository scanning in 63 ms. Found 1 JPA repository interfaces.
22:44:02.545 [restartedMain] INFO  o.s.b.w.e.tomcat.TomcatWebServer - Tomcat initialized with port(s): 8080 (http)
22:44:02.558 [restartedMain] INFO  o.a.coyote.http11.Http11NioProtocol - Initializing ProtocolHandler ["http-nio-8080"]
22:44:02.559 [restartedMain] INFO  o.a.catalina.core.StandardService - Starting service [Tomcat]
22:44:02.560 [restartedMain] INFO  o.a.catalina.core.StandardEngine - Starting Servlet engine: [Apache Tomcat/10.1.8]
22:44:02.635 [restartedMain] INFO  o.a.c.c.C.[Tomcat].[localhost].[/] - Initializing Spring embedded WebApplicationContext
22:44:02.636 [restartedMain] INFO  o.s.b.w.s.c.ServletWebServerApplicationContext - Root WebApplicationContext: initialization completed in 1489 ms
22:44:02.805 [restartedMain] INFO  o.f.c.i.license.VersionPrinter - Flyway Community Edition 9.5.1 by Redgate
22:44:02.806 [restartedMain] INFO  o.f.c.i.license.VersionPrinter - See what's new here: https://flywaydb.org/documentation/learnmore/releaseNotes#9.5.1
22:44:02.806 [restartedMain] INFO  o.f.c.i.license.VersionPrinter - 
22:44:02.815 [restartedMain] INFO  com.zaxxer.hikari.HikariDataSource - HikariPool-1 - Starting...
22:44:03.024 [restartedMain] INFO  com.zaxxer.hikari.pool.HikariPool - HikariPool-1 - Added connection org.postgresql.jdbc.PgConnection@50f8810
22:44:03.025 [restartedMain] INFO  com.zaxxer.hikari.HikariDataSource - HikariPool-1 - Start completed.
22:44:03.041 [restartedMain] INFO  o.f.c.i.d.base.BaseDatabaseType - Database: jdbc:postgresql://localhost:5432/surldbother (PostgreSQL 15.3)
22:44:03.092 [restartedMain] INFO  o.f.core.internal.command.DbValidate - Successfully validated 1 migration (execution time 00:00.035s)
22:44:03.189 [restartedMain] INFO  o.f.core.internal.command.DbMigrate - Current version of schema "public": 1
22:44:03.190 [restartedMain] INFO  o.f.core.internal.command.DbMigrate - Schema "public" is up to date. No migration necessary.
22:44:03.348 [restartedMain] INFO  o.h.jpa.internal.util.LogHelper - HHH000204: Processing PersistenceUnitInfo [name: default]
22:44:03.434 [restartedMain] INFO  org.hibernate.Version - HHH000412: Hibernate ORM core version 6.1.7.Final
22:44:03.812 [restartedMain] INFO  SQL dialect - HHH000400: Using dialect: org.hibernate.dialect.PostgreSQLDialect
22:44:04.385 [restartedMain] INFO  o.h.e.t.j.p.i.JtaPlatformInitiator - HHH000490: Using JtaPlatform implementation: [org.hibernate.engine.transaction.jta.platform.internal.NoJtaPlatform]
22:44:04.392 [restartedMain] INFO  o.s.o.j.LocalContainerEntityManagerFactoryBean - Initialized JPA EntityManagerFactory for persistence unit 'default'
22:44:04.661 [restartedMain] WARN  o.s.b.a.o.j.JpaBaseConfiguration$JpaWebConfiguration - spring.jpa.open-in-view is enabled by default. Therefore, database queries may be performed during view rendering. Explicitly configure spring.jpa.open-in-view to disable this warning
22:44:04.766 [restartedMain] INFO  o.s.b.a.w.s.WelcomePageHandlerMapping - Adding welcome page template: index
22:44:04.923 [restartedMain] INFO  o.s.b.d.a.OptionalLiveReloadServer - LiveReload server is running on port 35729
22:44:04.932 [restartedMain] INFO  o.a.coyote.http11.Http11NioProtocol - Starting ProtocolHandler ["http-nio-8080"]
22:44:04.950 [restartedMain] INFO  o.s.b.w.e.tomcat.TomcatWebServer - Tomcat started on port(s): 8080 (http) with context path ''
22:44:04.959 [restartedMain] INFO  s.ShorterUrlServiceApplication - Started ShorterUrlServiceApplication in 4.234 seconds (process running for 4.859)
22:44:06.259 [http-nio-8080-exec-1] INFO  o.a.c.c.C.[Tomcat].[localhost].[/] - Initializing Spring DispatcherServlet 'dispatcherServlet'
22:44:06.260 [http-nio-8080-exec-1] INFO  o.s.web.servlet.DispatcherServlet - Initializing Servlet 'dispatcherServlet'
22:44:06.260 [http-nio-8080-exec-1] INFO  o.s.web.servlet.DispatcherServlet - Completed initialization in 0 ms
22:44:06.281 [http-nio-8080-exec-1] INFO  s.controller.UrlController - get mapping def
22:44:07.175 [http-nio-8080-exec-3] INFO  s.controller.UrlController - get mapping def
22:44:07.723 [http-nio-8080-exec-5] INFO  s.controller.UrlController - get mapping def
22:44:09.547 [http-nio-8080-exec-7] WARN  s.service.ShortUrlServiceImpl - entered url is not valid
22:44:09.550 [http-nio-8080-exec-7] WARN  o.s.w.s.m.a.ResponseStatusExceptionResolver - Resolved [shorterUrlService.exceptions.BadRequestException: entered url is not valid]
22:44:11.963 [http-nio-8080-exec-8] WARN  s.service.ShortUrlServiceImpl - entered url is not valid
22:44:11.964 [http-nio-8080-exec-8] WARN  o.s.w.s.m.a.ResponseStatusExceptionResolver - Resolved [shorterUrlService.exceptions.BadRequestException: entered url is not valid]
22:44:12.854 [http-nio-8080-exec-9] INFO  s.controller.UrlController - get mapping def
22:44:34.343 [SpringApplicationShutdownHook] INFO  o.s.o.j.LocalContainerEntityManagerFactoryBean - Closing JPA EntityManagerFactory for persistence unit 'default'
22:44:34.346 [SpringApplicationShutdownHook] INFO  com.zaxxer.hikari.HikariDataSource - HikariPool-1 - Shutdown initiated...
22:44:34.348 [SpringApplicationShutdownHook] INFO  com.zaxxer.hikari.HikariDataSource - HikariPool-1 - Shutdown completed.
